INFO:root:Moved 22D21A1201.pdf to Documents
INFO:root:Moved 22D21A1202.pdf to Documents
INFO:root:Moved 22D21A1203.pdf to Documents
INFO:root:Moved 22D21A1204.pdf to Documents
INFO:root:Moved 22D21A1205.pdf to Documents
INFO:root:Moved 22D21A1206.pdf to Documents
INFO:root:Moved 22D21A1207.pdf to Documents
INFO:root:Moved 22D21A1209.pdf to Documents
INFO:root:Moved 22D21A1210.pdf to Documents
INFO:root:Moved 22D21A1211.pdf to Documents
INFO:root:Moved 22D21A1212.pdf to Documents
INFO:root:Moved 22D21A1213.pdf to Documents
INFO:root:Moved 22D21A1214.pdf to Documents
INFO:root:Moved 22D21A1215.pdf to Documents
INFO:root:Moved 22D21A1216.pdf to Documents
INFO:root:Moved 22D21A1217.pdf to Documents
INFO:root:Moved 22D21A1218.pdf to Documents
INFO:root:Moved 22D21A1219.pdf to Documents
INFO:root:Moved 22D21A1220.pdf to Documents
INFO:root:Moved adusumallivenkatasirisha_resume.pdf to Documents
INFO:root:Moved aishu orginal mini PDF.pdf to Documents
INFO:root:Moved aishu orginal mini.docx to Documents
INFO:root:Moved almost edit batch 9.docx to Documents
INFO:root:Moved batch 9 final cut original word.docx to Documents
INFO:root:Moved cerificate batch 9.docx to Documents
INFO:root:Moved finalcut mini batch 9.docx to Documents
INFO:root:Moved finalcut mini batch 9.pdf to Documents
INFO:root:Moved final_mini_doc[1] siri[1].docx to Documents
INFO:root:Moved IT-3A 1-20 MEMOS.zip to Archives
INFO:root:Moved manaswi orginal mini pdf.pdf to Documents
INFO:root:Moved manaswi orginal mini.docx to Documents
INFO:root:Moved siri2_resume.pdf to Documents
INFO:root:Moved sirisha mini done .docx to Documents
INFO:root:Moved sirisha mini done pdf.pdf to Documents
INFO:root:Moved sirisha_resume.pdf to Documents
